Log file open, 08/15/17 21:13:01
LogWindows: LoadLibraryWithSearchPaths failed for file aqProf.dll. GetLastError=0
LogWindows: LoadLibraryWithSearchPaths failed for file VSPerf140.dll. GetLastError=0
LogWindows: LoadLibraryWithSearchPaths failed for file VtuneApi.dll. GetLastError=0
LogWindows: LoadLibraryWithSearchPaths failed for file VtuneApi32e.dll. GetLastError=0
LogInit: Display: Running engine for game: NewLife
LogPlatformFile: Not using cached read wrapper
LogInit: Display: RandInit(1565977023) SRandInit(1565977023).
LogTaskGraph: Started task graph with 5 named threads and 8 total threads with 3 sets of task threads.
LogStats: Stats thread started at 0.106832
LogD3D11RHI: Aftermath initialized
LogPluginManager: Mounting plugin Paper2D
LogPluginManager: Mounting plugin LightPropagationVolume
LogPluginManager: Mounting plugin CodeLiteSourceCodeAccess
LogPluginManager: Mounting plugin GitSourceControl
LogPluginManager: Mounting plugin KDevelopSourceCodeAccess
LogPluginManager: Mounting plugin NullSourceCodeAccess
LogPluginManager: Mounting plugin PerforceSourceControl
LogPluginManager: Mounting plugin SubversionSourceControl
LogPluginManager: Mounting plugin UObjectPlugin
LogPluginManager: Mounting plugin VisualStudioSourceCodeAccess
LogPluginManager: Mounting plugin XCodeSourceCodeAccess
LogPluginManager: Mounting plugin AssetManagerEditor
LogPluginManager: Mounting plugin AudioCapture
LogPluginManager: Mounting plugin FacialAnimation
LogPluginManager: Mounting plugin GameplayTagsEditor
LogPluginManager: Mounting plugin MobileLauncherProfileWizard
LogPluginManager: Mounting plugin PluginBrowser
LogPluginManager: Mounting plugin SpeedTreeImporter
LogPluginManager: Mounting plugin AlembicImporter
LogPluginManager: Mounting plugin CharacterAI
LogPluginManager: Mounting plugin HTML5Networking
LogPluginManager: Mounting plugin AndroidMedia
LogPluginManager: Mounting plugin AvfMedia
LogPluginManager: Mounting plugin MediaPlayerEditor
LogPluginManager: Mounting plugin WmfMedia
LogPluginManager: Mounting plugin TcpMessaging
LogPluginManager: Mounting plugin UdpMessaging
LogPluginManager: Mounting plugin LevelSequenceEditor
LogPluginManager: Mounting plugin MatineeToLevelSequence
LogPluginManager: Mounting plugin OnlineSubsystemGooglePlay
LogPluginManager: Mounting plugin OnlineSubsystemIOS
LogPluginManager: Mounting plugin OnlineSubsystem
LogPluginManager: Mounting plugin OnlineSubsystemNull
LogPluginManager: Mounting plugin OnlineSubsystemUtils
LogPluginManager: Mounting plugin AndroidDeviceProfileSelector
LogPluginManager: Mounting plugin AndroidMoviePlayer
LogPluginManager: Mounting plugin AndroidPermission
LogPluginManager: Mounting plugin AppleMoviePlayer
LogPluginManager: Mounting plugin ArchVisCharacter
LogPluginManager: Mounting plugin CableComponent
LogPluginManager: Mounting plugin CustomMeshComponent
LogPluginManager: Mounting plugin ExampleDeviceProfileSelector
LogPluginManager: Mounting plugin GoogleCloudMessaging
LogPluginManager: Mounting plugin ImmediatePhysics
LogPluginManager: Mounting plugin IOSDeviceProfileSelector
LogPluginManager: Mounting plugin LinuxDeviceProfileSelector
LogPluginManager: Mounting plugin LocationServicesBPLibrary
LogPluginManager: Mounting plugin MobilePatchingUtils
LogPluginManager: Mounting plugin OculusVR
LogPluginManager: Mounting plugin PhysXVehicles
LogPluginManager: Mounting plugin ProceduralMeshComponent
LogPluginManager: Mounting plugin RuntimePhysXCooking
LogPluginManager: Mounting plugin SteamVR
LogPluginManager: Mounting plugin WindowsMoviePlayer
LogInit: Using libcurl 7.47.1
LogInit:  - built for x86_64-pc-win32
LogInit:  - supports SSL with OpenSSL/1.0.2g
LogInit:  - supports HTTP deflate (compression) using libz 1.2.8
LogInit:  - other features:
LogInit:      CURL_VERSION_SSL
LogInit:      CURL_VERSION_LIBZ
LogInit:      CURL_VERSION_IPV6
LogInit:      CURL_VERSION_ASYNCHDNS
LogInit:      CURL_VERSION_LARGEFILE
LogInit:      CURL_VERSION_IDN
LogInit:  CurlRequestOptions (configurable via config and command line):
LogInit:  - bVerifyPeer = false  - Libcurl will NOT verify peer certificate
LogInit:  - bUseHttpProxy = false  - Libcurl will NOT use HTTP proxy
LogInit:  - bDontReuseConnections = false  - Libcurl will reuse connections
LogInit:  - CertBundlePath = nullptr  - Libcurl will use whatever was configured at build time.
LogInit: Build: ++UE4+Release-4.17-CL-3573198
LogInit: Engine Version: 4.17.0-3573198+++UE4+Release-4.17
LogInit: Compatible Engine Version: 4.17.0-3573198+++UE4+Release-4.17
LogInit: Net CL: 3573198
LogDevObjectVersion: Number of dev versions registered: 16
LogDevObjectVersion:   Dev-Blueprints (B0D832E4-1F89-4F0D-ACCF-7EB736FD4AA2): 10
LogDevObjectVersion:   Dev-Build (E1C64328-A22C-4D53-A36C-8E866417BD8C): 0
LogDevObjectVersion:   Dev-Core (375EC13C-06E4-48FB-B500-84F0262A717E): 2
LogDevObjectVersion:   Dev-Editor (E4B068ED-F494-42E9-A231-DA0B2E46BB41): 20
LogDevObjectVersion:   Dev-Framework (CFFC743F-43B0-4480-9391-14DF171D2073): 28
LogDevObjectVersion:   Dev-Mobile (B02B49B5-BB20-44E9-A304-32B752E40360): 0
LogDevObjectVersion:   Dev-Networking (A4E4105C-59A1-49B5-A7C5-40C4547EDFEE): 0
LogDevObjectVersion:   Dev-Online (39C831C9-5AE6-47DC-9A44-9C173E1C8E7C): 0
LogDevObjectVersion:   Dev-Physics (78F01B33-EBEA-4F98-B9B4-84EACCB95AA2): 0
LogDevObjectVersion:   Dev-Platform (6631380F-2D4D-43E0-8009-CF276956A95A): 0
LogDevObjectVersion:   Dev-Rendering (12F88B9F-8875-4AFC-A67C-D90C383ABD29): 19
LogDevObjectVersion:   Dev-Sequencer (7B5AE74C-D270-4C10-A958-57980B212A5A): 4
LogDevObjectVersion:   Dev-VR (D7296918-1DD6-4BDD-9DE2-64A83CC13884): 0
LogDevObjectVersion:   Dev-LoadTimes (C2A15278-BFE7-4AFE-6C17-90FF531DF755): 1
LogDevObjectVersion:   Private-Geometry (6EACA3D4-40EC-4CC1-B786-8BED09428FC5): 1
LogDevObjectVersion:   Dev-AnimPhys (29E575DD-E0A3-4627-9D10-D276232CDCEA): 7
LogInit: Compiled (64-bit): Aug  4 2017 16:30:33
LogInit: Compiled with Visual C++: 19.00.24215.01
LogInit: Build Configuration: Development
LogInit: Branch Name: ++UE4+Release-4.17
LogInit: Command line:  
LogInit: Base directory: D:/Epic Games/UE_4.17/Engine/Binaries/Win64/
LogInit: Installed Engine Build: 1
LogInit: Presizing for max 8388607 objects, including 0 objects not considered by GC, pre-allocating 0 bytes for permanent pool.
LogInit: Object subsystem initialized
[2017.08.15-18.13.01:970][  0]LogInit: Selected Device Profile: [Windows]
[2017.08.15-18.13.01:970][  0]LogInit: Applying CVar settings loaded from the selected device profile: [Windows]
[2017.08.15-18.13.01:982][  0]LogInit: Computer: DESKTOP-4OT4KEV
[2017.08.15-18.13.01:982][  0]LogInit: User: potos
[2017.08.15-18.13.01:982][  0]LogInit: CPU Page size=4096, Cores=2
[2017.08.15-18.13.01:982][  0]LogInit: High frequency timer resolution =3.312790 MHz
[2017.08.15-18.13.01:983][  0]LogMemory: Memory total: Physical=12.0GB (12GB approx)
[2017.08.15-18.13.01:983][  0]LogMemory: Platform Memory Stats for Windows
[2017.08.15-18.13.01:983][  0]LogMemory: Process Physical Memory: 277.87 MB used, 277.87 MB peak
[2017.08.15-18.13.01:983][  0]LogMemory: Process Virtual Memory: 275.54 MB used, 275.54 MB peak
[2017.08.15-18.13.01:983][  0]LogMemory: Physical Memory: 4483.66 MB used,  7787.45 MB free, 12271.11 MB total
[2017.08.15-18.13.01:983][  0]LogMemory: Virtual Memory: 666.27 MB used,  7787.45 MB free, 134217728.00 MB total
[2017.08.15-18.13.02:125][  0]LogInit: Using OS detected language (ru-RU).
[2017.08.15-18.13.02:125][  0]LogInit: Using OS detected locale (ru-RU).
[2017.08.15-18.13.02:129][  0]LogTextLocalizationManager: No localization for 'ru-RU' exists, so 'en' will be used for the language.
[2017.08.15-18.13.02:130][  0]LogTextLocalizationManager: No localization for 'ru-RU' exists, so 'en' will be used for the locale.
[2017.08.15-18.13.02:897][  0]LogD3D11RHI: D3D11 adapters:
[2017.08.15-18.13.02:905][  0]LogD3D11RHI:    0. 'AMD Radeon HD 6800 Series' (Feature Level 11_0)
[2017.08.15-18.13.02:905][  0]LogD3D11RHI:       1011/0/3840 MB DedicatedVideo/DedicatedSystem/SharedSystem, Outputs:1, VendorId:0x1002
[2017.08.15-18.13.02:907][  0]LogD3D11RHI:    1. 'Microsoft Basic Render Driver' (Feature Level 11_0)
[2017.08.15-18.13.02:907][  0]LogD3D11RHI:       0/0/6135 MB DedicatedVideo/DedicatedSystem/SharedSystem, Outputs:0, VendorId:0x1414
[2017.08.15-18.13.02:907][  0]LogD3D11RHI: Chosen D3D11 Adapter: 0
[2017.08.15-18.13.02:913][  0]LogD3D11RHI: Creating new Direct3DDevice
[2017.08.15-18.13.02:913][  0]LogD3D11RHI:     GPU DeviceId: 0x6739 (for the marketing name, search the web for "GPU Device Id")
[2017.08.15-18.13.02:913][  0]LogWindows: EnumDisplayDevices:
[2017.08.15-18.13.02:913][  0]LogWindows:    0. 'AMD Radeon HD 6800 Series' (P:1 D:1)
[2017.08.15-18.13.02:913][  0]LogWindows:    1. 'AMD Radeon HD 6800 Series' (P:0 D:0)
[2017.08.15-18.13.02:913][  0]LogWindows:    2. 'AMD Radeon HD 6800 Series' (P:0 D:0)
[2017.08.15-18.13.02:914][  0]LogWindows:    3. 'AMD Radeon HD 6800 Series' (P:0 D:0)
[2017.08.15-18.13.02:914][  0]LogWindows:    4. 'AMD Radeon HD 6800 Series' (P:0 D:0)
[2017.08.15-18.13.02:914][  0]LogWindows:    5. 'AMD Radeon HD 6800 Series' (P:0 D:0)
[2017.08.15-18.13.02:914][  0]LogWindows: DebugString: FoundDriverCount:6 
[2017.08.15-18.13.02:914][  0]LogD3D11RHI:     Adapter Name: AMD Radeon HD 6800 Series
[2017.08.15-18.13.02:914][  0]LogD3D11RHI:   Driver Version: 15.201.1151.1008 (internal:15.201.1151.1008, unified:15.201.1151.1008)
[2017.08.15-18.13.02:914][  0]LogD3D11RHI:      Driver Date: 11-4-2015
[2017.08.15-18.13.02:914][  0]LogRHI: Texture pool is 708 MB (70% of 1011 MB)
[2017.08.15-18.13.02:938][  0]LogD3D11RHI: AMD Pre GCN architecture detected, some driver workarounds will be in place
[2017.08.15-18.13.02:945][  0]LogD3D11RHI: Async texture creation enabled
[2017.08.15-18.13.02:956][  0]LogD3D11RHI: GPU Timing Frequency: 27.000000 (Debug: 2 1)
[2017.08.15-18.13.02:957][  0]LogShaderCompilers: Guid format shader working directory is 16 characters bigger than the processId version (../../../../../Project/NewLife/Intermediate/Shaders/WorkingDirectory/8976/).
[2017.08.15-18.13.02:957][  0]LogShaderCompilers: Cleaned the shader compiler working directory 'C:/Users/potos/AppData/Local/Temp/UnrealShaderWorkingDir/CA760B1C4D4D4D40589812B351B0908E/'.
[2017.08.15-18.13.02:957][  0]LogShaderCompilers: Display: Using Local Shader Compiler.
[2017.08.15-18.13.04:073][  0]LogTemp: Display: Loaded TP AllDesktopTargetPlatform
[2017.08.15-18.13.04:119][  0]LogTemp: Display: Loaded TP MacClientTargetPlatform
[2017.08.15-18.13.04:165][  0]LogTemp: Display: Loaded TP MacNoEditorTargetPlatform
[2017.08.15-18.13.04:210][  0]LogTemp: Display: Loaded TP MacServerTargetPlatform
[2017.08.15-18.13.04:256][  0]LogTemp: Display: Loaded TP MacTargetPlatform
[2017.08.15-18.13.04:302][  0]LogTemp: Display: Loaded TP WindowsClientTargetPlatform
[2017.08.15-18.13.04:350][  0]LogTemp: Display: Loaded TP WindowsNoEditorTargetPlatform
[2017.08.15-18.13.04:396][  0]LogTemp: Display: Loaded TP WindowsServerTargetPlatform
[2017.08.15-18.13.04:436][  0]LogTemp: Display: Loaded TP WindowsTargetPlatform
[2017.08.15-18.13.04:483][  0]LogTemp: Display: Loaded TP AndroidTargetPlatform
[2017.08.15-18.13.04:529][  0]LogTemp: Display: Loaded TP Android_ASTCTargetPlatform
[2017.08.15-18.13.04:575][  0]LogTemp: Display: Loaded TP Android_ATCTargetPlatform
[2017.08.15-18.13.04:618][  0]LogTemp: Display: Loaded TP Android_DXTTargetPlatform
[2017.08.15-18.13.04:661][  0]LogTemp: Display: Loaded TP Android_ETC1TargetPlatform
[2017.08.15-18.13.04:705][  0]LogTemp: Display: Loaded TP Android_ETC2TargetPlatform
[2017.08.15-18.13.04:793][  0]LogTemp: Display: Loaded TP Android_MultiTargetPlatform
[2017.08.15-18.13.04:793][  0]LogTemp: Display: Loaded TP Android_PVRTCTargetPlatform
[2017.08.15-18.13.04:825][  0]LogTemp: Display: Loaded TP HTML5TargetPlatform
[2017.08.15-18.13.04:907][  0]LogTemp: Display: Loaded TP IOSTargetPlatform
[2017.08.15-18.13.04:935][  0]LogTemp: Display: Loaded TP TVOSTargetPlatform
[2017.08.15-18.13.04:979][  0]LogTemp: Display: Loaded TP LinuxClientTargetPlatform
[2017.08.15-18.13.05:023][  0]LogTemp: Display: Loaded TP LinuxNoEditorTargetPlatform
[2017.08.15-18.13.05:068][  0]LogTemp: Display: Loaded TP LinuxServerTargetPlatform
[2017.08.15-18.13.05:116][  0]LogTemp: Display: Loaded TP LinuxTargetPlatform
[2017.08.15-18.13.05:117][  0]LogTargetPlatformManager: Display: Building Assets For Windows
[2017.08.15-18.13.05:513][  0]LogDerivedDataCache: Display: Max Cache Size: 512 MB
[2017.08.15-18.13.05:674][  0]LogDerivedDataCache: Loaded boot cache 0.16s 93MB C:/Users/potos/AppData/Local/UnrealEngine/4.17/DerivedDataCache/Boot.ddc.
[2017.08.15-18.13.05:675][  0]LogDerivedDataCache: Display: Loaded Boot cache: C:/Users/potos/AppData/Local/UnrealEngine/4.17/DerivedDataCache/Boot.ddc
[2017.08.15-18.13.05:675][  0]LogDerivedDataCache: FDerivedDataBackendGraph:  Pak pak cache file ../../../../../Project/NewLife/DerivedDataCache/DDC.ddp not found, will not use a pak cache.
[2017.08.15-18.13.05:675][  0]LogDerivedDataCache: Unable to find inner node Pak for hierarchical cache Hierarchy.
[2017.08.15-18.13.05:675][  0]LogDerivedDataCache: FDerivedDataBackendGraph:  CompressedPak pak cache file ../../../../../Project/NewLife/DerivedDataCache/Compressed.ddp not found, will not use a pak cache.
[2017.08.15-18.13.05:675][  0]LogDerivedDataCache: Unable to find inner node CompressedPak for hierarchical cache Hierarchy.
[2017.08.15-18.13.05:694][  0]LogDerivedDataCache: Display: Pak cache opened for reading ../../../Engine/DerivedDataCache/Compressed.ddp.
[2017.08.15-18.13.05:707][  0]LogDerivedDataCache: Using Local data cache path C:/Users/potos/AppData/Local/UnrealEngine/Common/DerivedDataCache: Writable
[2017.08.15-18.13.05:722][  0]LogMaterial: Verifying Global Shaders for PCD3D_SM5
[2017.08.15-18.13.05:722][  0]LogSlate: Using Freetype 2.6.0
[2017.08.15-18.13.05:723][  0]LogSlate: SlateFontCache - WITH_FREETYPE: 1, WITH_HARFBUZZ: 1
[2017.08.15-18.13.05:723][  0]LogSlate: SlateFontCache - WITH_FREETYPE: 1, WITH_HARFBUZZ: 1
[2017.08.15-18.13.06:044][  0]LogAssetRegistry: FAssetRegistry took 0.0263 seconds to start up
[2017.08.15-18.13.06:177][  0]LogInit: Selected Device Profile: [Windows]
[2017.08.15-18.13.06:374][  0]LogContentStreaming: Texture pool size is 0.00 MB
[2017.08.15-18.13.06:655][  0]LogSimplygon: Simplygon DLL not present - disabling.
[2017.08.15-18.13.06:688][  0]LogMeshReduction: Using SimplygonSwarm for distributed automatic mesh merging
[2017.08.15-18.13.06:688][  0]LogMeshReduction: Using QuadricMeshReduction for automatic static mesh reduction
[2017.08.15-18.13.06:688][  0]LogMeshReduction: No automatic skeletal mesh reduction module available
[2017.08.15-18.13.06:688][  0]LogMeshReduction: No automatic mesh merging module available
[2017.08.15-18.13.06:688][  0]LogMeshMerging: No automatic mesh merging module available
[2017.08.15-18.13.07:099][  0]LogNetVersion: NewLife , NetCL: 3573198, EngineNetVer: 2, GameNetVer: 0 (Checksum: 3563508293)
[2017.08.15-18.13.07:294][  0]LogPackageLocalizationCache: Processed 5 localized package path(s) for 1 prioritized culture(s) in 0.020776 seconds
[2017.08.15-18.13.07:303][  0]LogUObjectArray: 35825 objects as part of root set at end of initial load.
[2017.08.15-18.13.07:303][  0]LogUObjectAllocator: 7529112 out of 0 bytes used by permanent object pool.
[2017.08.15-18.13.07:303][  0]LogUObjectArray: CloseDisregardForGC: 0/0 objects in disregard for GC pool
[2017.08.15-18.13.07:353][  0]LogInit: WinSock: version 1.1 (2.2), MaxSocks=32767, MaxUdp=65467
[2017.08.15-18.13.09:795][  0]LogTcpMessaging: Initializing TcpMessaging bridge
[2017.08.15-18.13.09:830][  0]LogUdpMessaging: Initializing bridge on interface 0.0.0.0:0 to multicast group 230.0.0.1:6666.
[2017.08.15-18.13.10:393][  0]LogMaterial: Uniform references updated for custom material expression Custom.
[2017.08.15-18.13.10:746][  0]SourceControl: Source control is disabled
[2017.08.15-18.13.10:746][  0]SourceControl: Source control is disabled
[2017.08.15-18.13.10:786][  0]SourceControl: Source control is disabled
[2017.08.15-18.13.10:826][  0]SourceControl: Source control is disabled
[2017.08.15-18.13.11:311][  0]LogAndroidPermission: UAndroidPermissionCallbackProxy::GetInstance
[2017.08.15-18.13.11:514][  0]LogOcInput: OculusInput pre-init called
[2017.08.15-18.13.11:733][  0]LogEngine: Initializing Engine...
[2017.08.15-18.13.11:736][  0]LogHMD: Failed to initialize OpenVR with code 110
[2017.08.15-18.13.12:050][  0]LogStats: UGameplayTagsManager::ConstructGameplayTagTree: Construct from data asset -  0.000 s
[2017.08.15-18.13.12:050][  0]LogStats: UGameplayTagsManager::ConstructGameplayTagTree: GameplayTagTreeChangedEvent.Broadcast -  0.000 s
[2017.08.15-18.13.12:168][  0]LogAIModule: Creating AISystem for world Untitled
[2017.08.15-18.13.12:180][  0]LogInit: XAudio2 using 'Динамики (2- USB PnP Sound Device)' : 2 channels at 48 kHz using 16 bits per sample (channel mask 0x3)
[2017.08.15-18.13.12:206][  0]LogInit: FAudioDevice initialized.
[2017.08.15-18.13.12:353][  0]LogDerivedDataCache: Saved boot cache 0.15s 93MB C:/Users/potos/AppData/Local/UnrealEngine/4.17/DerivedDataCache/Boot.ddc.
[2017.08.15-18.13.12:388][  0]LogInit: Texture streaming: Enabled
[2017.08.15-18.13.12:485][  0]LogEngineSessionManager: EngineSessionManager initialized
[2017.08.15-18.13.12:671][  0]LogInit: Transaction tracking system initialized
[2017.08.15-18.13.12:930][  0]BlueprintLog: New page: Editor Load
[2017.08.15-18.13.13:677][  0]LocalizationService: Localization service is disabled
[2017.08.15-18.13.14:111][  0]LogLinker: Warning: Can't find file '/Game/TopDownBP/TopDownOverview'
[2017.08.15-18.13.14:111][  0]LogLinker: Warning: Can't find file '/Game/TopDownBP/TopDownOverview'
[2017.08.15-18.13.14:111][  0]LogUObjectGlobals: Warning: Failed to find object 'Class /Game/TopDownBP/TopDownOverview.TopDownOverview_C'
[2017.08.15-18.13.14:535][  0]LogConsoleResponse: Display: 
[2017.08.15-18.13.14:730][  0]LogCook: Display: Max memory allowance for cook 16384mb min free memory 0mb
[2017.08.15-18.13.14:730][  0]LogCook: Display: Mobile HDR setting 1
[2017.08.15-18.13.14:730][  0]LogGameplayTags: Display: UGameplayTagsManager::DoneAddingNativeTags. DelegateIsBound: 0
[2017.08.15-18.13.14:961][  0]LogFileCache: Scanning file cache for directory 'D:/Project/NewLife/Content/' took 0.01s
[2017.08.15-18.13.15:608][  0]SourceControl: Source control is disabled
[2017.08.15-18.13.15:608][  0]Cmd: MAP LOAD FILE="../../../../../Project/NewLife/Content/FirstPersonBP/Maps/FirstPersonExampleMap.umap" TEMPLATE=0 SHOWPROGRESS=1 FEATURELEVEL=3
[2017.08.15-18.13.15:608][  0]LightingResults: New page: Lighting Build
[2017.08.15-18.13.15:643][  0]MapCheck: New page: Map Check
[2017.08.15-18.13.15:643][  0]LightingResults: New page: Lighting Build
[2017.08.15-18.13.16:264][  0]LogAIModule: Creating AISystem for world FirstPersonExampleMap
[2017.08.15-18.13.16:279][  0]LogEditorServer: Finished looking for orphan Actors (0.000 secs)
[2017.08.15-18.13.16:325][  0]Cmd: MAP CHECKDEP NOCLEARLOG
[2017.08.15-18.13.16:377][  0]MapCheck: Map check complete: 0 Error(s), 0 Warning(s), took 51.662ms to complete.
[2017.08.15-18.13.16:377][  0]LogFileHelpers: Loading map 'FirstPersonExampleMap' took 0.769
[2017.08.15-18.13.16:456][  0]LogWindowsTextInputMethodSystem: Display: IME system now deactivated.
[2017.08.15-18.13.16:456][  0]LogWindowsTextInputMethodSystem: Display: IME system now deactivated.
[2017.08.15-18.13.16:551][  0]LogCollectionManager: Loaded 0 collections in 0.001011 seconds
[2017.08.15-18.13.16:642][  0]LogFileCache: Scanning file cache for directory 'D:/Project/NewLife/Saved/Collections/' took 0.01s
[2017.08.15-18.13.16:642][  0]LogFileCache: Scanning file cache for directory 'D:/Project/NewLife/Content/Developers/potos/Collections/' took 0.01s
[2017.08.15-18.13.16:642][  0]LogFileCache: Scanning file cache for directory 'D:/Project/NewLife/Content/Collections/' took 0.01s
[2017.08.15-18.13.16:642][  0]LogCollectionManager: Rebuilt the GUID cache for 0 collections in 0.000001 seconds
[2017.08.15-18.13.16:657][  0]LogContentBrowser: Native class hierarchy populated in 0.0147 seconds. Added 2386 classes and 500 folders.
[2017.08.15-18.13.16:724][  0]LogContentBrowser: Native class hierarchy updated for 'WidgetCarousel' in 0.0008 seconds. Added 0 classes and 0 folders.
[2017.08.15-18.13.16:766][  0]LogContentBrowser: Native class hierarchy updated for 'AddContentDialog' in 0.0007 seconds. Added 0 classes and 0 folders.
[2017.08.15-18.13.16:802][  0]LogContentBrowser: Native class hierarchy updated for 'SceneOutliner' in 0.0008 seconds. Added 1 classes and 2 folders.
[2017.08.15-18.13.16:897][  0]LogSlate: Took 0.000313 seconds to synchronously load lazily loaded font '../../../Engine/Content/Slate/Fonts/Roboto-Regular.ttf' (155K)
[2017.08.15-18.13.16:900][  0]LogSlate: Took 0.000379 seconds to synchronously load lazily loaded font '../../../Engine/Content/Slate/Fonts/Roboto-Bold.ttf' (160K)
[2017.08.15-18.13.16:906][  0]LogSlate: Took 0.000234 seconds to synchronously load lazily loaded font '../../../Engine/Content/Editor/Slate/Fonts/FontAwesome.ttf' (139K)
[2017.08.15-18.13.17:040][  0]LogRenderer: Reallocating scene render targets to support 1208x576 Format 9 NumSamples 1 (Frame:1).
[2017.08.15-18.13.17:532][  0]LogContentBrowser: Native class hierarchy updated for 'HierarchicalLODOutliner' in 0.0008 seconds. Added 1 classes and 2 folders.
[2017.08.15-18.13.17:532][  0]LogLoad: (Engine Initialization) Total time: 16.87 seconds
[2017.08.15-18.13.17:532][  0]LogLoad: (Engine Initialization) Total Blueprint compile time: 0.00 seconds
[2017.08.15-18.13.17:533][  0]LogExternalProfiler: No external profilers were discovered.  External profiling features will not be available.
[2017.08.15-18.13.17:566][  0]LogContentStreaming: Texture pool size now 600 MB
[2017.08.15-18.13.17:579][  0]LogSlate: Took 0.000283 seconds to synchronously load lazily loaded font '../../../Engine/Content/Slate/Fonts/Roboto-Light.ttf' (159K)
[2017.08.15-18.13.17:600][  1]LogAssetRegistry: Asset discovery search completed in 11.5777 seconds
[2017.08.15-18.13.17:602][  1]LogCollectionManager: Rebuilt the object cache for 0 collections in 0.000001 seconds (found 0 objects)
[2017.08.15-18.13.17:602][  1]LogCollectionManager: Fixed up redirectors for 0 collections in 0.000108 seconds (updated 0 objects)
[2017.08.15-18.16.43:076][986]LogWindowsTextInputMethodSystem: Display: IME system now deactivated.
[2017.08.15-18.16.43:076][986]LogWindowsTextInputMethodSystem: Display: IME system now deactivated.
[2017.08.15-18.17.15:912][651]SourceControl: Error: Failed to enable Git source control. You need to install Git and specify a valid path to git executable.
[2017.08.15-18.20.19:030][926]SourceControl: Source control is disabled
[2017.08.15-18.22.03:172][242]SourceControl: Error: Failed to enable Git source control. You need to install Git and specify a valid path to git executable.
[2017.08.15-18.30.54:584][922]SourceControl: On branch master
[2017.08.15-18.30.54:584][922]SourceControl: Your branch is up-to-date with 'origin/master'.
[2017.08.15-18.30.54:584][922]SourceControl: Changes not staged for commit:
[2017.08.15-18.30.54:584][922]SourceControl:   (use "git add <file>..." to update what will be committed)
[2017.08.15-18.30.54:584][922]SourceControl:   (use "git checkout -- <file>..." to discard changes in working directory)
[2017.08.15-18.30.54:584][922]SourceControl: 	modified:   Intermediate/CachedAssetRegistry.bin
[2017.08.15-18.30.54:584][922]SourceControl: 	modified:   Saved/Config/Windows/EditorPerProjectUserSettings.ini
[2017.08.15-18.30.54:584][922]SourceControl: 	modified:   Saved/Config/Windows/Engine.ini
[2017.08.15-18.30.54:584][922]SourceControl: 	modified:   Saved/Logs/NewLife.log
[2017.08.15-18.30.54:584][922]SourceControl: Untracked files:
[2017.08.15-18.30.54:584][922]SourceControl:   (use "git add <file>..." to include in what will be committed)
[2017.08.15-18.30.54:584][922]SourceControl: 	Saved/Config/CrashReportClient/UE4CC-Windows-A421C9A44744239BDEFF7F93CD2B1ADF/
[2017.08.15-18.30.54:584][922]SourceControl: 	Saved/Logs/NewLife-backup-2017.08.15-21.13.01.log
[2017.08.15-18.30.54:584][922]SourceControl: no changes added to commit (use "git add" and/or "git commit -a")
[2017.08.15-18.31.13:618][796]LogEditorViewport: Clicking on Actor (LMB): StaticMeshActor (EditorCube8)
[2017.08.15-18.31.19:854][314]SourceControl: fatal: D:/Epic Games/UE_4.17/Engine/Content/: 'D:/Epic Games/UE_4.17/Engine/Content/' is outside repository
[2017.08.15-18.31.19:937][314]EditorErrors: Warning: No assets to check in!
[2017.08.15-18.31.28:054][925]LogSlate: Took 0.000237 seconds to synchronously load lazily loaded font '../../../Engine/Content/Slate/Fonts/Roboto-Light.ttf' (159K)
[2017.08.15-18.31.28:258][925]LogSavePackage: Save=94.43ms
[2017.08.15-18.31.28:258][925]LogSavePackage: Moving '../../../../../Project/NewLife/Saved/FirstPersonExampleMapA6C72CC640B946EB999FB2986CA32141.tmp' to '../../../../../Project/NewLife/Content/FirstPersonBP/Maps/FirstPersonExampleMap.umap'
[2017.08.15-18.31.28:261][925]LogSavePackage: Display: Finished SavePackage ../../../../../Project/NewLife/Content/FirstPersonBP/Maps/FirstPersonExampleMap.umap
[2017.08.15-18.31.28:292][925]LogFileHelpers: Saving map 'FirstPersonExampleMap' took 0.218
[2017.08.15-18.31.41:928][997]SourceControl: On branch master
[2017.08.15-18.31.41:928][997]SourceControl: Your branch is up-to-date with 'origin/master'.
[2017.08.15-18.31.41:928][997]SourceControl: Changes not staged for commit:
[2017.08.15-18.31.41:928][997]SourceControl:   (use "git add <file>..." to update what will be committed)
[2017.08.15-18.31.41:928][997]SourceControl:   (use "git checkout -- <file>..." to discard changes in working directory)
[2017.08.15-18.31.41:928][997]SourceControl: 	modified:   Content/FirstPersonBP/Maps/FirstPersonExampleMap.umap
[2017.08.15-18.31.41:929][997]SourceControl: 	modified:   Intermediate/CachedAssetRegistry.bin
[2017.08.15-18.31.41:929][997]SourceControl: 	modified:   Saved/Autosaves/PackageRestoreData.json
[2017.08.15-18.31.41:929][997]SourceControl: 	modified:   Saved/Config/Windows/EditorPerProjectUserSettings.ini
[2017.08.15-18.31.41:929][997]SourceControl: 	modified:   Saved/Config/Windows/Engine.ini
[2017.08.15-18.31.41:929][997]SourceControl: 	modified:   Saved/Logs/NewLife.log
[2017.08.15-18.31.41:929][997]SourceControl: Untracked files:
[2017.08.15-18.31.41:929][997]SourceControl:   (use "git add <file>..." to include in what will be committed)
[2017.08.15-18.31.41:929][997]SourceControl: 	Saved/Backup/FirstPersonExampleMap_2017-08-15-21-31-28.umap
[2017.08.15-18.31.41:929][997]SourceControl: 	Saved/Config/CrashReportClient/UE4CC-Windows-A421C9A44744239BDEFF7F93CD2B1ADF/
[2017.08.15-18.31.41:929][997]SourceControl: 	Saved/Logs/NewLife-backup-2017.08.15-21.13.01.log
[2017.08.15-18.31.41:929][997]SourceControl: no changes added to commit (use "git add" and/or "git commit -a")
[2017.08.15-18.31.47:717][493]SourceControl: fatal: D:/Epic Games/UE_4.17/Engine/Content/: 'D:/Epic Games/UE_4.17/Engine/Content/' is outside repository
[2017.08.15-18.31.59:594][493]LogWindowsTextInputMethodSystem: Display: IME system now deactivated.
[2017.08.15-18.31.59:595][493]LogWindowsTextInputMethodSystem: Display: IME system now deactivated.
[2017.08.15-18.32.09:750][493]LogSourceControl: FGitCheckInWorker: commit successful
[2017.08.15-18.32.09:772][493]SourceControl: [master 03411df] Тестовый коммит
[2017.08.15-18.32.09:772][493]SourceControl:  1 file changed, 0 insertions(+), 0 deletions(-)
[2017.08.15-18.32.09:780][493]SourceControl: Commited [master 03411df] Тестовый коммит.
[2017.08.15-18.35.36:771][833]LogWindowsTextInputMethodSystem: Display: IME system now deactivated.
[2017.08.15-18.35.36:771][833]LogWindowsTextInputMethodSystem: Display: IME system now deactivated.
[2017.08.15-18.35.53:795][566]Cmd: QUIT_EDITOR
[2017.08.15-18.35.53:850][566]LogWindowsTextInputMethodSystem: Display: IME system now deactivated.
[2017.08.15-18.35.53:850][566]LogWindowsTextInputMethodSystem: Display: IME system now deactivated.
[2017.08.15-18.35.53:865][566]LogExit: Preparing to exit.
[2017.08.15-18.35.54:473][566]LogDirectoryWatcher: A directory notification for 'D:/Project/NewLife/Content/' was aborted.
[2017.08.15-18.35.54:541][566]LogExit: Editor shut down
[2017.08.15-18.35.54:551][566]LogExit: Transaction tracking system shut down
[2017.08.15-18.35.54:720][566]LogDirectoryWatcher: A directory notification for '../../../Engine/Content/' was aborted.
[2017.08.15-18.35.54:720][566]LogDirectoryWatcher: A directory notification for '../../../../../Project/NewLife/Content/' was aborted.
[2017.08.15-18.35.54:720][566]LogDirectoryWatcher: A directory notification for '../../../Engine/Plugins/2D/Paper2D/Content/' was aborted.
[2017.08.15-18.35.54:720][566]LogDirectoryWatcher: A directory notification for '../../../Engine/Plugins/Runtime/Oculus/OculusVR/Content/' was aborted.
[2017.08.15-18.35.54:720][566]LogDirectoryWatcher: A directory notification for '../../../Engine/Plugins/Runtime/Steam/SteamVR/Content/' was aborted.
[2017.08.15-18.35.54:799][566]LogExit: Object subsystem successfully closed.
[2017.08.15-18.35.54:816][566]LogD3D11RHI: Shutdown
[2017.08.15-18.35.54:817][566]LogD3D11RHI: CleanupD3DDevice
[2017.08.15-18.35.54:918][566]LogD3D11RHI: ~FD3D11DynamicRHI
[2017.08.15-18.35.54:927][566]LogModuleManager: Shutting down and abandoning module HierarchicalLODOutliner (530)
[2017.08.15-18.35.54:927][566]LogModuleManager: Shutting down and abandoning module SceneOutliner (528)
[2017.08.15-18.35.54:927][566]LogModuleManager: Shutting down and abandoning module AddContentDialog (526)
[2017.08.15-18.35.54:927][566]LogDirectoryWatcher: A directory notification for 'D:/Epic Games/UE_4.17/FeaturePacks/' was aborted.
[2017.08.15-18.35.54:928][566]LogModuleManager: Shutting down and abandoning module WidgetCarousel (525)
[2017.08.15-18.35.54:929][566]LogModuleManager: Shutting down and abandoning module EditorWidgets (522)
[2017.08.15-18.35.54:929][566]LogModuleManager: Shutting down and abandoning module CollectionManager (520)
[2017.08.15-18.35.54:929][566]LogDirectoryWatcher: A directory notification for 'D:/Project/NewLife/Content/Collections/' was aborted.
[2017.08.15-18.35.54:929][566]LogDirectoryWatcher: A directory notification for 'D:/Project/NewLife/Content/Developers/potos/Collections/' was aborted.
[2017.08.15-18.35.54:929][566]LogDirectoryWatcher: A directory notification for 'D:/Project/NewLife/Saved/Collections/' was aborted.
[2017.08.15-18.35.54:929][566]LogModuleManager: Shutting down and abandoning module StatsViewer (518)
[2017.08.15-18.35.54:929][566]LogModuleManager: Shutting down and abandoning module FoliageEdit (516)
[2017.08.15-18.35.54:929][566]LogModuleManager: Shutting down and abandoning module LandscapeEditor (514)
[2017.08.15-18.35.54:929][566]LogModuleManager: Shutting down and abandoning module MeshPaintMode (512)
[2017.08.15-18.35.54:929][566]LogModuleManager: Shutting down and abandoning module SceneDepthPickerMode (510)
[2017.08.15-18.35.54:929][566]LogModuleManager: Shutting down and abandoning module ActorPickerMode (508)
[2017.08.15-18.35.54:929][566]LogModuleManager: Shutting down and abandoning module GeometryMode (506)
[2017.08.15-18.35.54:929][566]LogModuleManager: Shutting down and abandoning module TextureAlignMode (504)
[2017.08.15-18.35.54:929][566]LogModuleManager: Shutting down and abandoning module BspMode (502)
[2017.08.15-18.35.54:929][566]LogModuleManager: Shutting down and abandoning module PIEPreviewDeviceProfileSelector (500)
[2017.08.15-18.35.54:929][566]LogModuleManager: Shutting down and abandoning module HardwareSurvey (498)
[2017.08.15-18.35.54:929][566]LogModuleManager: Shutting down and abandoning module SequenceRecorderSections (496)
[2017.08.15-18.35.54:929][566]LogModuleManager: Shutting down and abandoning module AutomationWorker (494)
[2017.08.15-18.35.54:929][566]LogModuleManager: Shutting down and abandoning module MatineeToLevelSequence (492)
[2017.08.15-18.35.54:929][566]LogModuleManager: Shutting down and abandoning module LevelSequenceEditor (490)
[2017.08.15-18.35.54:929][566]LogModuleManager: Shutting down and abandoning module PlacementMode (489)
[2017.08.15-18.35.54:929][566]LogModuleManager: Shutting down and abandoning module WmfMediaFactory (486)
[2017.08.15-18.35.54:929][566]LogModuleManager: Shutting down and abandoning module WmfMediaEditor (484)
[2017.08.15-18.35.54:929][566]LogModuleManager: Shutting down and abandoning module AvfMediaFactory (482)
[2017.08.15-18.35.54:929][566]LogModuleManager: Shutting down and abandoning module AvfMediaEditor (480)
[2017.08.15-18.35.54:930][566]LogModuleManager: Shutting down and abandoning module AndroidMediaFactory (478)
[2017.08.15-18.35.54:930][566]LogModuleManager: Shutting down and abandoning module Media (477)
[2017.08.15-18.35.54:930][566]LogModuleManager: Shutting down and abandoning module AndroidMediaEditor (474)
[2017.08.15-18.35.54:930][566]LogModuleManager: Shutting down and abandoning module CharacterAI (472)
[2017.08.15-18.35.54:930][566]LogModuleManager: Shutting down and abandoning module AudioCapture (470)
[2017.08.15-18.35.54:930][566]LogModuleManager: Shutting down and abandoning module SequenceRecorder (469)
[2017.08.15-18.35.54:930][566]LogModuleManager: Shutting down and abandoning module SmartSnapping (466)
[2017.08.15-18.35.54:930][566]LogModuleManager: Shutting down and abandoning module SessionServices (464)
[2017.08.15-18.35.54:930][566]LogModuleManager: Shutting down and abandoning module ViewportSnapping (462)
[2017.08.15-18.35.54:930][566]LogModuleManager: Shutting down and abandoning module ViewportInteraction (460)
[2017.08.15-18.35.54:930][566]LogModuleManager: Shutting down and abandoning module ClothPainter (458)
[2017.08.15-18.35.54:930][566]LogModuleManager: Shutting down and abandoning module LogVisualizer (456)
[2017.08.15-18.35.54:930][566]LogModuleManager: Shutting down and abandoning module IntroTutorials (454)
[2017.08.15-18.35.54:930][566]LogModuleManager: Shutting down and abandoning module GameProjectGeneration (453)
[2017.08.15-18.35.54:930][566]LogModuleManager: Shutting down and abandoning module IOSPlatformEditor (450)
[2017.08.15-18.35.54:930][566]LogModuleManager: Shutting down and abandoning module HTML5PlatformEditor (448)
[2017.08.15-18.35.54:930][566]LogModuleManager: Shutting down and abandoning module AndroidPlatformEditor (446)
[2017.08.15-18.35.54:930][566]LogModuleManager: Shutting down and abandoning module AndroidDeviceDetection (445)
[2017.08.15-18.35.55:526][566]LogModuleManager: Shutting down and abandoning module WindowsPlatformEditor (442)
[2017.08.15-18.35.55:526][566]LogModuleManager: Shutting down and abandoning module IOSRuntimeSettings (440)
[2017.08.15-18.35.55:526][566]LogModuleManager: Shutting down and abandoning module AndroidRuntimeSettings (438)
[2017.08.15-18.35.55:527][566]LogModuleManager: Shutting down and abandoning module InputBindingEditor (436)
[2017.08.15-18.35.55:527][566]LogModuleManager: Shutting down and abandoning module MergeActors (434)
[2017.08.15-18.35.55:527][566]LogModuleManager: Shutting down and abandoning module SizeMap (432)
[2017.08.15-18.35.55:527][566]LogModuleManager: Shutting down and abandoning module TreeMap (430)
[2017.08.15-18.35.55:527][566]LogModuleManager: Shutting down and abandoning module ReferenceViewer (428)
[2017.08.15-18.35.55:527][566]LogModuleManager: Shutting down and abandoning module LocalizationDashboard (426)
[2017.08.15-18.35.55:527][566]LogModuleManager: Shutting down and abandoning module LocalizationService (425)
[2017.08.15-18.35.55:527][566]LogModuleManager: Shutting down and abandoning module HardwareTargeting (422)
[2017.08.15-18.35.55:527][566]LogModuleManager: Shutting down and abandoning module DeviceProfileEditor (420)
[2017.08.15-18.35.55:527][566]LogModuleManager: Shutting down and abandoning module UndoHistory (418)
[2017.08.15-18.35.55:527][566]LogModuleManager: Shutting down and abandoning module XmlParser (416)
[2017.08.15-18.35.55:527][566]LogModuleManager: Shutting down and abandoning module Blutility (414)
[2017.08.15-18.35.55:527][566]LogModuleManager: Shutting down and abandoning module ProjectSettingsViewer (412)
[2017.08.15-18.35.55:527][566]LogModuleManager: Shutting down and abandoning module ProjectTargetPlatformEditor (411)
[2017.08.15-18.35.55:528][566]LogModuleManager: Shutting down and abandoning module EditorSettingsViewer (408)
[2017.08.15-18.35.55:528][566]LogModuleManager: Shutting down and abandoning module SettingsEditor (406)
[2017.08.15-18.35.55:528][566]LogModuleManager: Shutting down and abandoning module ProjectLauncher (404)
[2017.08.15-18.35.55:528][566]LogModuleManager: Shutting down and abandoning module SessionFrontend (402)
[2017.08.15-18.35.55:528][566]LogModuleManager: Shutting down and abandoning module ProfilerClient (400)
[2017.08.15-18.35.55:528][566]LogModuleManager: Shutting down and abandoning module DeviceManager (398)
[2017.08.15-18.35.55:528][566]LogModuleManager: Shutting down and abandoning module TargetDeviceServices (397)
[2017.08.15-18.35.55:590][566]LogModuleManager: Shutting down and abandoning module AutomationController (394)
[2017.08.15-18.35.55:590][566]LogModuleManager: Shutting down and abandoning module AutomationWindow (392)
[2017.08.15-18.35.55:590][566]LogModuleManager: Shutting down and abandoning module Layers (390)
[2017.08.15-18.35.55:590][566]LogModuleManager: Shutting down and abandoning module ComponentVisualizers (388)
[2017.08.15-18.35.55:590][566]LogModuleManager: Shutting down and abandoning module DetailCustomizations (386)
[2017.08.15-18.35.55:591][566]LogModuleManager: Shutting down and abandoning module PackagesDialog (384)
[2017.08.15-18.35.55:591][566]LogModuleManager: Shutting down and abandoning module Persona (382)
[2017.08.15-18.35.55:591][566]LogModuleManager: Shutting down and abandoning module AdvancedPreviewScene (381)
[2017.08.15-18.35.55:591][566]LogModuleManager: Shutting down and abandoning module AnimGraph (379)
[2017.08.15-18.35.55:591][566]LogModuleManager: Shutting down and abandoning module Kismet (376)
[2017.08.15-18.35.55:592][566]LogModuleManager: Shutting down and abandoning module ClassViewer (374)
[2017.08.15-18.35.55:592][566]LogModuleManager: Shutting down and abandoning module Toolbox (372)
[2017.08.15-18.35.55:592][566]LogModuleManager: Shutting down and abandoning module ModuleUI (370)
[2017.08.15-18.35.55:592][566]LogModuleManager: Shutting down and abandoning module MovieSceneTools (368)
[2017.08.15-18.35.55:592][566]LogModuleManager: Shutting down and abandoning module OutputLog (366)
[2017.08.15-18.35.55:592][566]LogModuleManager: Shutting down and abandoning module GammaUI (364)
[2017.08.15-18.35.55:592][566]LogModuleManager: Shutting down and abandoning module Documentation (362)
[2017.08.15-18.35.55:592][566]LogModuleManager: Shutting down and abandoning module MovieSceneTracks (360)
[2017.08.15-18.35.55:592][566]LogModuleManager: Shutting down and abandoning module MovieScene (358)
[2017.08.15-18.35.55:592][566]LogModuleManager: Shutting down and abandoning module Niagara (356)
[2017.08.15-18.35.55:592][566]LogModuleManager: Shutting down and abandoning module NiagaraEditor (355)
[2017.08.15-18.35.55:593][566]LogModuleManager: Shutting down and abandoning module StreamingPauseRendering (352)
[2017.08.15-18.35.55:593][566]LogModuleManager: Shutting down and abandoning module LauncherPlatform (350)
[2017.08.15-18.35.55:593][566]LogModuleManager: Shutting down and abandoning module AnalyticsET (348)
[2017.08.15-18.35.55:593][566]LogModuleManager: Shutting down and abandoning module PortalServices (346)
[2017.08.15-18.35.55:593][566]LogModuleManager: Shutting down and abandoning module PortalRpc (344)
[2017.08.15-18.35.55:593][566]LogModuleManager: Shutting down and abandoning module MessagingRpc (342)
[2017.08.15-18.35.55:593][566]LogModuleManager: Shutting down and abandoning module AIModule (340)
[2017.08.15-18.35.55:593][566]LogModuleManager: Shutting down and abandoning module GameplayDebugger (339)
[2017.08.15-18.35.55:593][566]LogModuleManager: Shutting down and abandoning module AITestSuite (337)
[2017.08.15-18.35.55:593][566]LogModuleManager: Shutting down and abandoning module ProfilerService (334)
[2017.08.15-18.35.55:831][566]LogModuleManager: Shutting down and abandoning module TaskGraph (332)
[2017.08.15-18.35.55:831][566]LogModuleManager: Shutting down and abandoning module SteamVRController (330)
[2017.08.15-18.35.55:831][566]LogModuleManager: Shutting down and abandoning module ProceduralMeshComponentEditor (328)
[2017.08.15-18.35.55:831][566]LogModuleManager: Shutting down and abandoning module ProceduralMeshComponent (326)
[2017.08.15-18.35.55:831][566]LogModuleManager: Shutting down and abandoning module OculusInput (324)
[2017.08.15-18.35.55:831][566]LogModuleManager: Shutting down and abandoning module MobilePatchingUtils (322)
[2017.08.15-18.35.55:831][566]LogModuleManager: Shutting down and abandoning module CustomMeshComponent (320)
[2017.08.15-18.35.55:832][566]LogModuleManager: Shutting down and abandoning module CableComponent (318)
[2017.08.15-18.35.55:832][566]LogModuleManager: Shutting down and abandoning module ArchVisCharacter (316)
[2017.08.15-18.35.55:832][566]LogModuleManager: Shutting down and abandoning module AndroidPermission (314)
[2017.08.15-18.35.55:832][566]LogModuleManager: Shutting down and abandoning module MediaPlayerEditor (310)
[2017.08.15-18.35.55:832][566]LogModuleManager: Shutting down and abandoning module HTML5Networking (308)
[2017.08.15-18.35.55:832][566]LogModuleManager: Shutting down and abandoning module AlembicImporter (306)
[2017.08.15-18.35.55:832][566]LogModuleManager: Shutting down and abandoning module AlembicLibrary (305)
[2017.08.15-18.35.55:832][566]LogModuleManager: Shutting down and abandoning module GeometryCache (304)
[2017.08.15-18.35.55:832][566]LogModuleManager: Shutting down and abandoning module GeometryCacheEd (303)
[2017.08.15-18.35.55:833][566]LogModuleManager: Shutting down and abandoning module SpeedTreeImporter (298)
[2017.08.15-18.35.55:833][566]LogModuleManager: Shutting down and abandoning module PluginBrowser (296)
[2017.08.15-18.35.55:833][566]LogModuleManager: Shutting down and abandoning module MobileLauncherProfileWizard (294)
[2017.08.15-18.35.55:833][566]LogModuleManager: Shutting down and abandoning module VisualStudioSourceCodeAccess (292)
[2017.08.15-18.35.55:833][566]LogModuleManager: Shutting down and abandoning module DesktopPlatform (291)
[2017.08.15-18.35.55:833][566]LogModuleManager: Shutting down and abandoning module UObjectPlugin (288)
[2017.08.15-18.35.55:833][566]LogModuleManager: Shutting down and abandoning module SubversionSourceControl (286)
[2017.08.15-18.35.55:833][566]LogModuleManager: Shutting down and abandoning module PerforceSourceControl (284)
[2017.08.15-18.35.55:834][566]LogModuleManager: Shutting down and abandoning module GitSourceControl (282)
[2017.08.15-18.35.55:834][566]LogModuleManager: Shutting down and abandoning module SourceControl (281)
[2017.08.15-18.35.55:834][566]LogModuleManager: Shutting down and abandoning module LightPropagationVolumeEditor (278)
[2017.08.15-18.35.55:834][566]LogModuleManager: Shutting down and abandoning module PaperTiledImporter (276)
[2017.08.15-18.35.55:834][566]LogModuleManager: Shutting down and abandoning module PaperSpriteSheetImporter (274)
[2017.08.15-18.35.55:834][566]LogModuleManager: Shutting down and abandoning module Paper2DEditor (272)
[2017.08.15-18.35.55:834][566]LogModuleManager: Shutting down and abandoning module MeshPaint (271)
[2017.08.15-18.35.55:834][566]LogModuleManager: Shutting down and abandoning module LevelEditor (269)
[2017.08.15-18.35.55:836][566]LogModuleManager: Shutting down and abandoning module PixelInspectorModule (268)
[2017.08.15-18.35.55:836][566]LogModuleManager: Shutting down and abandoning module MainFrame (266)
[2017.08.15-18.35.55:836][566]LogModuleManager: Shutting down and abandoning module HotReload (265)
[2017.08.15-18.35.55:837][566]LogModuleManager: Shutting down and abandoning module RuntimePhysXCooking (260)
[2017.08.15-18.35.55:837][566]LogModuleManager: Shutting down and abandoning module PhysXVehiclesEditor (258)
[2017.08.15-18.35.55:837][566]LogModuleManager: Shutting down and abandoning module PhysXVehicles (256)
[2017.08.15-18.35.55:837][566]LogModuleManager: Shutting down and abandoning module OculusEditor (254)
[2017.08.15-18.35.55:837][566]LogModuleManager: Shutting down and abandoning module LocationServicesBPLibrary (252)
[2017.08.15-18.35.55:837][566]LogModuleManager: Shutting down and abandoning module ImmediatePhysicsEditor (250)
[2017.08.15-18.35.55:837][566]LogModuleManager: Shutting down and abandoning module ImmediatePhysics (248)
[2017.08.15-18.35.55:837][566]LogModuleManager: Shutting down and abandoning module UdpMessaging (246)
[2017.08.15-18.35.55:937][566]LogModuleManager: Shutting down and abandoning module TcpMessaging (244)
[2017.08.15-18.35.56:037][566]LogModuleManager: Shutting down and abandoning module GameplayTagsEditor (242)
[2017.08.15-18.35.56:037][566]LogModuleManager: Shutting down and abandoning module FacialAnimationEditor (240)
[2017.08.15-18.35.56:037][566]LogModuleManager: Shutting down and abandoning module FacialAnimation (238)
[2017.08.15-18.35.56:037][566]LogModuleManager: Shutting down and abandoning module AssetManagerEditor (236)
[2017.08.15-18.35.56:037][566]LogModuleManager: Shutting down and abandoning module GraphEditor (235)
[2017.08.15-18.35.56:038][566]LogModuleManager: Shutting down and abandoning module ContentBrowser (233)
[2017.08.15-18.35.56:039][566]LogModuleManager: Shutting down and abandoning module LightPropagationVolumeRuntime (230)
[2017.08.15-18.35.56:039][566]LogModuleManager: Shutting down and abandoning module Paper2D (228)
[2017.08.15-18.35.56:039][566]LogModuleManager: Shutting down and abandoning module WindowsMoviePlayer (226)
[2017.08.15-18.35.56:039][566]LogModuleManager: Shutting down and abandoning module WmfMedia (224)
[2017.08.15-18.35.56:040][566]LogModuleManager: Shutting down and abandoning module PacketHandler (222)
[2017.08.15-18.35.56:040][566]LogModuleManager: Shutting down and abandoning module ClothingSystemEditor (220)
[2017.08.15-18.35.56:040][566]LogModuleManager: Shutting down and abandoning module ClothingSystemRuntime (218)
[2017.08.15-18.35.56:040][566]LogModuleManager: Shutting down and abandoning module Overlay (216)
[2017.08.15-18.35.56:040][566]LogModuleManager: Shutting down and abandoning module OverlayEditor (215)
[2017.08.15-18.35.56:040][566]LogModuleManager: Shutting down and abandoning module MediaAssets (212)
[2017.08.15-18.35.56:040][566]LogModuleManager: Shutting down and abandoning module VREditor (210)
[2017.08.15-18.35.56:040][566]LogModuleManager: Shutting down and abandoning module StringTableEditor (208)
[2017.08.15-18.35.56:040][566]LogModuleManager: Shutting down and abandoning module GameplayTasksEditor (206)
[2017.08.15-18.35.56:040][566]LogModuleManager: Shutting down and abandoning module BehaviorTreeEditor (204)
[2017.08.15-18.35.56:040][566]LogModuleManager: Shutting down and abandoning module FunctionalTesting (202)
[2017.08.15-18.35.56:040][566]LogModuleManager: Shutting down and abandoning module CollisionAnalyzer (200)
[2017.08.15-18.35.56:040][566]LogModuleManager: Shutting down and abandoning module WorkspaceMenuStructure (199)
[2017.08.15-18.35.56:040][566]LogModuleManager: Shutting down and abandoning module UMG (196)
[2017.08.15-18.35.56:040][566]LogModuleManager: Shutting down and abandoning module UMGEditor (195)
[2017.08.15-18.35.56:040][566]LogModuleManager: Shutting down and abandoning module Sequencer (194)
[2017.08.15-18.35.56:041][566]LogModuleManager: Shutting down and abandoning module MessageLog (191)
[2017.08.15-18.35.56:041][566]LogModuleManager: Shutting down and abandoning module SlateReflector (186)
[2017.08.15-18.35.56:041][566]LogModuleManager: Shutting down and abandoning module Slate (184)
[2017.08.15-18.35.56:041][566]LogModuleManager: Shutting down and abandoning module EditorStyle (182)
[2017.08.15-18.35.56:045][566]LogModuleManager: Shutting down and abandoning module MRMesh (180)
[2017.08.15-18.35.56:045][566]LogModuleManager: Shutting down and abandoning module SourceCodeAccess (178)
[2017.08.15-18.35.56:045][566]LogModuleManager: Shutting down and abandoning module HeadMountedDisplay (176)
[2017.08.15-18.35.56:045][566]LogModuleManager: Shutting down and abandoning module XAudio2 (174)
[2017.08.15-18.35.56:045][566]LogModuleManager: Shutting down and abandoning module Networking (172)
[2017.08.15-18.35.56:045][566]LogModuleManager: Shutting down and abandoning module Core (168)
[2017.08.15-18.35.56:045][566]LogModuleManager: Shutting down and abandoning module KismetCompiler (164)
[2017.08.15-18.35.56:045][566]LogModuleManager: Shutting down and abandoning module LevelSequence (162)
[2017.08.15-18.35.56:045][566]LogModuleManager: Shutting down and abandoning module MeshUtilities (160)
[2017.08.15-18.35.56:045][566]LogModuleManager: Shutting down and abandoning module MeshMergeUtilities (159)
[2017.08.15-18.35.56:045][566]LogModuleManager: Shutting down and abandoning module MeshReductionInterface (158)
[2017.08.15-18.35.56:045][566]LogModuleManager: Shutting down and abandoning module SimplygonSwarm (157)
[2017.08.15-18.35.56:045][566]LogModuleManager: Shutting down and abandoning module SimplygonMeshReduction (155)
[2017.08.15-18.35.56:045][566]LogModuleManager: Shutting down and abandoning module QuadricMeshReduction (153)
[2017.08.15-18.35.56:045][566]LogModuleManager: Shutting down and abandoning module MaterialBaking (149)
[2017.08.15-18.35.56:045][566]LogModuleManager: Shutting down and abandoning module DirectoryWatcher (146)
[2017.08.15-18.35.56:047][566]LogModuleManager: Shutting down and abandoning module DerivedDataCache (144)
[2017.08.15-18.35.56:083][566]LogDerivedDataCache: Shutdown
[2017.08.15-18.35.56:083][566]LogModuleManager: Shutting down and abandoning module TargetPlatform (142)
[2017.08.15-18.35.56:083][566]LogModuleManager: Shutting down and abandoning module VulkanShaderFormat (141)
[2017.08.15-18.35.56:083][566]LogModuleManager: Shutting down and abandoning module ShaderFormatVectorVM (139)
[2017.08.15-18.35.56:083][566]LogModuleManager: Shutting down and abandoning module ShaderFormatOpenGL (137)
[2017.08.15-18.35.56:083][566]LogModuleManager: Shutting down and abandoning module ShaderFormatD3D (135)
[2017.08.15-18.35.56:083][566]LogModuleManager: Shutting down and abandoning module MetalShaderFormat (133)
[2017.08.15-18.35.56:083][566]LogModuleManager: Shutting down and abandoning module TextureFormatUncompressed (131)
[2017.08.15-18.35.56:083][566]LogModuleManager: Shutting down and abandoning module TextureFormatPVR (129)
[2017.08.15-18.35.56:083][566]LogModuleManager: Shutting down and abandoning module TextureFormatDXT (127)
[2017.08.15-18.35.56:083][566]LogModuleManager: Shutting down and abandoning module TextureFormatIntelISPCTexComp (125)
[2017.08.15-18.35.56:083][566]LogModuleManager: Shutting down and abandoning module TextureFormatASTC (123)
[2017.08.15-18.35.56:084][566]LogModuleManager: Shutting down and abandoning module ImageWrapper (122)
[2017.08.15-18.35.56:084][566]LogModuleManager: Shutting down and abandoning module TextureFormatAndroid (119)
[2017.08.15-18.35.56:084][566]LogModuleManager: Shutting down and abandoning module AudioFormatOpus (117)
[2017.08.15-18.35.56:084][566]LogModuleManager: Shutting down and abandoning module AudioFormatOgg (115)
[2017.08.15-18.35.56:084][566]LogModuleManager: Shutting down and abandoning module AudioFormatADPCM (113)
[2017.08.15-18.35.56:084][566]LogModuleManager: Shutting down and abandoning module LinuxTargetPlatform (111)
[2017.08.15-18.35.56:084][566]LogModuleManager: Shutting down and abandoning module LinuxServerTargetPlatform (109)
[2017.08.15-18.35.56:084][566]LogModuleManager: Shutting down and abandoning module LinuxNoEditorTargetPlatform (107)
[2017.08.15-18.35.56:084][566]LogModuleManager: Shutting down and abandoning module LinuxClientTargetPlatform (105)
[2017.08.15-18.35.56:084][566]LogModuleManager: Shutting down and abandoning module TVOSTargetPlatform (103)
[2017.08.15-18.35.56:084][566]LogModuleManager: Shutting down and abandoning module Messaging (101)
[2017.08.15-18.35.56:084][566]LogModuleManager: Shutting down and abandoning module IOSTargetPlatform (99)
[2017.08.15-18.35.56:084][566]LogModuleManager: Shutting down and abandoning module HTML5TargetPlatform (97)
[2017.08.15-18.35.56:084][566]LogModuleManager: Shutting down and abandoning module Android_PVRTCTargetPlatform (95)
[2017.08.15-18.35.56:084][566]LogModuleManager: Shutting down and abandoning module Android_MultiTargetPlatform (93)
[2017.08.15-18.35.56:084][566]LogModuleManager: Shutting down and abandoning module Android_ETC2TargetPlatform (91)
[2017.08.15-18.35.56:084][566]LogModuleManager: Shutting down and abandoning module Android_ETC1TargetPlatform (89)
[2017.08.15-18.35.56:084][566]LogModuleManager: Shutting down and abandoning module Android_DXTTargetPlatform (87)
[2017.08.15-18.35.56:084][566]LogModuleManager: Shutting down and abandoning module Android_ATCTargetPlatform (85)
[2017.08.15-18.35.56:084][566]LogModuleManager: Shutting down and abandoning module Android_ASTCTargetPlatform (83)
[2017.08.15-18.35.56:084][566]LogModuleManager: Shutting down and abandoning module AndroidTargetPlatform (81)
[2017.08.15-18.35.56:084][566]LogModuleManager: Shutting down and abandoning module WindowsTargetPlatform (79)
[2017.08.15-18.35.56:084][566]LogModuleManager: Shutting down and abandoning module WindowsServerTargetPlatform (77)
[2017.08.15-18.35.56:084][566]LogModuleManager: Shutting down and abandoning module WindowsNoEditorTargetPlatform (75)
[2017.08.15-18.35.56:084][566]LogModuleManager: Shutting down and abandoning module WindowsClientTargetPlatform (73)
[2017.08.15-18.35.56:085][566]LogModuleManager: Shutting down and abandoning module MacTargetPlatform (71)
[2017.08.15-18.35.56:085][566]LogModuleManager: Shutting down and abandoning module MacServerTargetPlatform (69)
[2017.08.15-18.35.56:085][566]LogModuleManager: Shutting down and abandoning module MacNoEditorTargetPlatform (67)
[2017.08.15-18.35.56:085][566]LogModuleManager: Shutting down and abandoning module MacClientTargetPlatform (65)
[2017.08.15-18.35.56:085][566]LogModuleManager: Shutting down and abandoning module AllDesktopTargetPlatform (63)
[2017.08.15-18.35.56:085][566]LogModuleManager: Shutting down and abandoning module InputCore (60)
[2017.08.15-18.35.56:085][566]LogModuleManager: Shutting down and abandoning module Settings (58)
[2017.08.15-18.35.56:085][566]LogModuleManager: Shutting down and abandoning module PhysXCooking (56)
[2017.08.15-18.35.56:085][566]LogModuleManager: Shutting down and abandoning module SteamVR (54)
[2017.08.15-18.35.56:085][566]LogModuleManager: Shutting down and abandoning module OculusHMD (52)
[2017.08.15-18.35.56:085][566]LogModuleManager: Shutting down and abandoning module ExampleDeviceProfileSelector (50)
[2017.08.15-18.35.56:085][566]LogModuleManager: Shutting down and abandoning module OnlineBlueprintSupport (48)
[2017.08.15-18.35.56:085][566]LogModuleManager: Shutting down and abandoning module OnlineSubsystem (44)
[2017.08.15-18.35.56:085][566]LogOnline: Display: Unloading online subsystem: NULL
[2017.08.15-18.35.56:085][566]LogModuleManager: Shutting down and abandoning module XMPP (43)
[2017.08.15-18.35.56:085][566]LogModuleManager: Shutting down and abandoning module HTTP (41)
[2017.08.15-18.35.56:085][566]LogHttp: Display: Http module shutting down, but needs to wait on 1 outstanding Http requests:
[2017.08.15-18.35.56:085][566]LogHttp: Display: 	verb=[POST] url=[https://datarouter.ol.epicgames.com/datarouter/api/v1/public/data?SessionID=%7B0A104D93-4EBE-5DD4-2AD8-219806ABAB4E%7D&AppID=UEEditor.Rocket.Release&AppVersion=4.17.0-3573198%2B%2B%2BUE4%2BRelease-4.17&UserID=5a0b293541cc3379ee78fdb68efb7dd9%7C9073dc4707914331b3bd5b8e64aa0577%7Ccbb2df0a-7e40-4cf1-8f5f-aa8f0d711369&AppEnvironment=datacollector-binary&UploadType=eteventstream] status=Processing
[2017.08.15-18.35.56:089][566]LogModuleManager: Shutting down and abandoning module SSL (40)
[2017.08.15-18.35.56:092][566]LogModuleManager: Shutting down and abandoning module AnimationModifiers (36)
[2017.08.15-18.35.56:092][566]LogModuleManager: Shutting down and abandoning module PropertyEditor (35)
[2017.08.15-18.35.56:092][566]LogModuleManager: Shutting down and abandoning module AudioEditor (32)
[2017.08.15-18.35.56:092][566]LogModuleManager: Shutting down and abandoning module TextureCompressor (30)
[2017.08.15-18.35.56:092][566]LogModuleManager: Shutting down and abandoning module ShaderCore (28)
[2017.08.15-18.35.56:092][566]LogModuleManager: Shutting down and abandoning module Landscape (26)
[2017.08.15-18.35.56:092][566]LogModuleManager: Shutting down and abandoning module SlateRHIRenderer (24)
[2017.08.15-18.35.56:094][566]LogModuleManager: Shutting down and abandoning module OpenGLDrv (22)
[2017.08.15-18.35.56:094][566]LogModuleManager: Shutting down and abandoning module D3D11RHI (20)
[2017.08.15-18.35.56:094][566]LogModuleManager: Shutting down and abandoning module AnimGraphRuntime (18)
[2017.08.15-18.35.56:094][566]LogModuleManager: Shutting down and abandoning module Renderer (16)
[2017.08.15-18.35.56:094][566]LogModuleManager: Shutting down and abandoning module Engine (14)
[2017.08.15-18.35.56:094][566]LogModuleManager: Shutting down and abandoning module CoreUObject (12)
[2017.08.15-18.35.56:094][566]LogModuleManager: Shutting down and abandoning module NetworkFile (10)
[2017.08.15-18.35.56:094][566]LogModuleManager: Shutting down and abandoning module CookedIterativeFile (8)
[2017.08.15-18.35.56:094][566]LogModuleManager: Shutting down and abandoning module StreamingFile (6)
[2017.08.15-18.35.56:094][566]LogModuleManager: Shutting down and abandoning module SandboxFile (4)
[2017.08.15-18.35.56:094][566]LogModuleManager: Shutting down and abandoning module PakFile (2)
[2017.08.15-18.35.56:097][566]LogExit: Exiting.
[2017.08.15-18.35.56:118][566]Log file closed, 08/15/17 21:35:56
